<?xml version="1.0" encoding="UTF-8"?>
<!-- Generated by org.testng.reporters.JUnitReportReporter -->
<testsuite hostname="DESKTOP-7J19BJV" failures="0" tests="2" name="LoginClass.Login" time="5.268" errors="0" timestamp="2023-05-28T08:16:28 IST" skipped="0">
  <testcase classname="LoginClass.Login" name="test" time="3.112"/>
  <system-out/>
  <testcase classname="LoginClass.Login" name="test2" time="2.156"/>
  <system-out/>
</testsuite> <!-- LoginClass.Login -->
